<?xml version="1.0" encoding="UTF-8"?>
<testng-results skipped="0" failed="1" ignored="0" total="1" passed="0">
  <reporter-output>
  </reporter-output>
  <suite name="Default suite" duration-ms="46225" started-at="2021-02-04T20:36:15 CET" finished-at="2021-02-04T20:37:01 CET">
    <groups>
    </groups>
    <test name="Default test" duration-ms="46225" started-at="2021-02-04T20:36:15 CET" finished-at="2021-02-04T20:37:01 CET">
      <class name="tests.DemoTests">
        <test-method status="FAIL" signature="DemoTest()[pri:0, instance:tests.DemoTests@1c3a4799]" name="DemoTest" duration-ms="45901" started-at="2021-02-04T20:36:15 CET" finished-at="2021-02-04T20:37:01 CET">
          <exception class="org.openqa.selenium.SessionNotCreatedException">
            <message>
              <![CDATA[session not created
from disconnected: received Inspector.detached event
  (Session info: chrome=88.0.4324.104)
Build info: version: '3.141.59', revision: 'e82be7d358', time: '2018-11-14T08:25:48'
System info: host: 'DESKTOP-UR964I2', ip: '10.64.154.110', os.name: 'Windows 10', os.arch: 'amd64', os.version: '10.0', java.version: '1.8.0_271'
Driver info: driver.version: ChromeDriver
remote stacktrace: Backtrace:
Ordinal0 [0x00CCC0C3+3326147]
Ordinal0 [0x00BB0851+2164817]
Ordinal0 [0x00A37298+619160]
Ordinal0 [0x00A2BD04+572676]
Ordinal0 [0x00A2BA18+571928]
Ordinal0 [0x00A2B0C1+569537]
Ordinal0 [0x00A2A421+566305]
Ordinal0 [0x00A2A815+567317]
Ordinal0 [0x00A2A135+565557]
Ordinal0 [0x00A338B1+604337]
Ordinal0 [0x00A2A0F1+565489]
Ordinal0 [0x00A2AEA2+568994]
Ordinal0 [0x00A2A421+566305]
Ordinal0 [0x00A2A815+567317]
Ordinal0 [0x00A2A135+565557]
Ordinal0 [0x00A31D2C+597292]
Ordinal0 [0x00A2A0F1+565489]
Ordinal0 [0x00A2AEA2+568994]
Ordinal0 [0x00A2A421+566305]
Ordinal0 [0x00A2A815+567317]
Ordinal0 [0x00A2A135+565557]
Ordinal0 [0x00A2FE62+589410]
Ordinal0 [0x00A2A0F1+565489]
Ordinal0 [0x00A2AEA2+568994]
Ordinal0 [0x00A2A421+566305]
Ordinal0 [0x00A2A815+567317]
Ordinal0 [0x00A2A135+565557]
Ordinal0 [0x00A2F075+585845]
Ordinal0 [0x00A2A0F1+565489]
Ordinal0 [0x00A2AEA2+568994]
Ordinal0 [0x00A2A421+566305]
Ordinal0 [0x00A2A815+567317]
Ordinal0 [0x00A2A135+565557]
Ordinal0 [0x00A26776+550774]
Ordinal0 [0x00A2A0F1+565489]
Ordinal0 [0x00A29F13+565011]
Ordinal0 [0x00A29D07+564487]
Ordinal0 [0x00A382C0+623296]
Ordinal0 [0x009D6BDD+224221]
Ordinal0 [0x009D5CAC+220332]
Ordinal0 [0x009D189B+202907]
Ordinal0 [0x009B3DF4+81396]
Ordinal0 [0x009B4DEE+85486]
Ordinal0 [0x009B4D79+85369]
Ordinal0 [0x00BC85DC+2262492]
GetHandleVerifier [0x00E52874+1487204]
GetHandleVerifier [0x00E523CD+1486013]
GetHandleVerifier [0x00E5A368+1518680]
GetHandleVerifier [0x00E52F4E+1488958]
Ordinal0 [0x00BBED0D+2223373]
Ordinal0 [0x00BCA12B+2269483]
Ordinal0 [0x00BCA26F+2269807]
Ordinal0 [0x00BDECB8+2354360]
BaseThreadInitThunk [0x7718FA29+25]
RtlGetAppContainerNamedObjectPath [0x778A75F4+228]
RtlGetAppContainerNamedObjectPath [0x778A75C4+180]
]]>
            </message>
            <full-stacktrace>
              <![CDATA[org.openqa.selenium.SessionNotCreatedException: session not created
from disconnected: received Inspector.detached event
  (Session info: chrome=88.0.4324.104)
Build info: version: '3.141.59', revision: 'e82be7d358', time: '2018-11-14T08:25:48'
System info: host: 'DESKTOP-UR964I2', ip: '10.64.154.110', os.name: 'Windows 10', os.arch: 'amd64', os.version: '10.0', java.version: '1.8.0_271'
Driver info: driver.version: ChromeDriver
remote stacktrace: Backtrace:
Ordinal0 [0x00CCC0C3+3326147]
Ordinal0 [0x00BB0851+2164817]
Ordinal0 [0x00A37298+619160]
Ordinal0 [0x00A2BD04+572676]
Ordinal0 [0x00A2BA18+571928]
Ordinal0 [0x00A2B0C1+569537]
Ordinal0 [0x00A2A421+566305]
Ordinal0 [0x00A2A815+567317]
Ordinal0 [0x00A2A135+565557]
Ordinal0 [0x00A338B1+604337]
Ordinal0 [0x00A2A0F1+565489]
Ordinal0 [0x00A2AEA2+568994]
Ordinal0 [0x00A2A421+566305]
Ordinal0 [0x00A2A815+567317]
Ordinal0 [0x00A2A135+565557]
Ordinal0 [0x00A31D2C+597292]
Ordinal0 [0x00A2A0F1+565489]
Ordinal0 [0x00A2AEA2+568994]
Ordinal0 [0x00A2A421+566305]
Ordinal0 [0x00A2A815+567317]
Ordinal0 [0x00A2A135+565557]
Ordinal0 [0x00A2FE62+589410]
Ordinal0 [0x00A2A0F1+565489]
Ordinal0 [0x00A2AEA2+568994]
Ordinal0 [0x00A2A421+566305]
Ordinal0 [0x00A2A815+567317]
Ordinal0 [0x00A2A135+565557]
Ordinal0 [0x00A2F075+585845]
Ordinal0 [0x00A2A0F1+565489]
Ordinal0 [0x00A2AEA2+568994]
Ordinal0 [0x00A2A421+566305]
Ordinal0 [0x00A2A815+567317]
Ordinal0 [0x00A2A135+565557]
Ordinal0 [0x00A26776+550774]
Ordinal0 [0x00A2A0F1+565489]
Ordinal0 [0x00A29F13+565011]
Ordinal0 [0x00A29D07+564487]
Ordinal0 [0x00A382C0+623296]
Ordinal0 [0x009D6BDD+224221]
Ordinal0 [0x009D5CAC+220332]
Ordinal0 [0x009D189B+202907]
Ordinal0 [0x009B3DF4+81396]
Ordinal0 [0x009B4DEE+85486]
Ordinal0 [0x009B4D79+85369]
Ordinal0 [0x00BC85DC+2262492]
GetHandleVerifier [0x00E52874+1487204]
GetHandleVerifier [0x00E523CD+1486013]
GetHandleVerifier [0x00E5A368+1518680]
GetHandleVerifier [0x00E52F4E+1488958]
Ordinal0 [0x00BBED0D+2223373]
Ordinal0 [0x00BCA12B+2269483]
Ordinal0 [0x00BCA26F+2269807]
Ordinal0 [0x00BDECB8+2354360]
BaseThreadInitThunk [0x7718FA29+25]
RtlGetAppContainerNamedObjectPath [0x778A75F4+228]
RtlGetAppContainerNamedObjectPath [0x778A75C4+180]

at sun.reflect.NativeConstructorAccessorImpl.newInstance0(Native Method)
at sun.reflect.NativeConstructorAccessorImpl.newInstance(Unknown Source)
at sun.reflect.DelegatingConstructorAccessorImpl.newInstance(Unknown Source)
at java.lang.reflect.Constructor.newInstance(Unknown Source)
at org.openqa.selenium.remote.W3CHandshakeResponse.lambda$errorHandler$0(W3CHandshakeResponse.java:62)
at org.openqa.selenium.remote.HandshakeResponse.lambda$getResponseFunction$0(HandshakeResponse.java:30)
at org.openqa.selenium.remote.ProtocolHandshake.lambda$createSession$0(ProtocolHandshake.java:126)
at java.util.stream.ReferencePipeline$3$1.accept(Unknown Source)
at java.util.Spliterators$ArraySpliterator.tryAdvance(Unknown Source)
at java.util.stream.ReferencePipeline.forEachWithCancel(Unknown Source)
at java.util.stream.AbstractPipeline.copyIntoWithCancel(Unknown Source)
at java.util.stream.AbstractPipeline.copyInto(Unknown Source)
at java.util.stream.AbstractPipeline.wrapAndCopyInto(Unknown Source)
at java.util.stream.FindOps$FindOp.evaluateSequential(Unknown Source)
at java.util.stream.AbstractPipeline.evaluate(Unknown Source)
at java.util.stream.ReferencePipeline.findFirst(Unknown Source)
at org.openqa.selenium.remote.ProtocolHandshake.createSession(ProtocolHandshake.java:128)
at org.openqa.selenium.remote.ProtocolHandshake.createSession(ProtocolHandshake.java:74)
at org.openqa.selenium.remote.HttpCommandExecutor.execute(HttpCommandExecutor.java:136)
at org.openqa.selenium.remote.service.DriverCommandExecutor.execute(DriverCommandExecutor.java:83)
at org.openqa.selenium.remote.RemoteWebDriver.execute(RemoteWebDriver.java:552)
at org.openqa.selenium.remote.RemoteWebDriver.startSession(RemoteWebDriver.java:213)
at org.openqa.selenium.remote.RemoteWebDriver.<init>(RemoteWebDriver.java:131)
at org.openqa.selenium.chrome.ChromeDriver.<init>(ChromeDriver.java:181)
at org.openqa.selenium.chrome.ChromeDriver.<init>(ChromeDriver.java:168)
at org.openqa.selenium.chrome.ChromeDriver.<init>(ChromeDriver.java:123)
at tests.DemoTests.DemoTest(DemoTests.java:18)
at sun.reflect.NativeMethodAccessorImpl.invoke0(Native Method)
at sun.reflect.NativeMethodAccessorImpl.invoke(Unknown Source)
at sun.reflect.DelegatingMethodAccessorImpl.invoke(Unknown Source)
at java.lang.reflect.Method.invoke(Unknown Source)
at org.testng.internal.MethodInvocationHelper.invokeMethod(MethodInvocationHelper.java:132)
at org.testng.internal.TestInvoker.invokeMethod(TestInvoker.java:599)
at org.testng.internal.TestInvoker.invokeTestMethod(TestInvoker.java:174)
at org.testng.internal.MethodRunner.runInSequence(MethodRunner.java:46)
at org.testng.internal.TestInvoker$MethodInvocationAgent.invoke(TestInvoker.java:822)
at org.testng.internal.TestInvoker.invokeTestMethods(TestInvoker.java:147)
at org.testng.internal.TestMethodWorker.invokeTestMethods(TestMethodWorker.java:146)
at org.testng.internal.TestMethodWorker.run(TestMethodWorker.java:128)
at java.util.ArrayList.forEach(Unknown Source)
at org.testng.TestRunner.privateRun(TestRunner.java:764)
at org.testng.TestRunner.run(TestRunner.java:585)
at org.testng.SuiteRunner.runTest(SuiteRunner.java:384)
at org.testng.SuiteRunner.runSequentially(SuiteRunner.java:378)
at org.testng.SuiteRunner.privateRun(SuiteRunner.java:337)
at org.testng.SuiteRunner.run(SuiteRunner.java:286)
at org.testng.SuiteRunnerWorker.runSuite(SuiteRunnerWorker.java:53)
at org.testng.SuiteRunnerWorker.run(SuiteRunnerWorker.java:96)
at org.testng.TestNG.runSuitesSequentially(TestNG.java:1218)
at org.testng.TestNG.runSuitesLocally(TestNG.java:1140)
at org.testng.TestNG.runSuites(TestNG.java:1069)
at org.testng.TestNG.run(TestNG.java:1037)
at org.testng.remote.AbstractRemoteTestNG.run(AbstractRemoteTestNG.java:115)
at org.testng.remote.RemoteTestNG.initAndRun(RemoteTestNG.java:251)
at org.testng.remote.RemoteTestNG.main(RemoteTestNG.java:77)
]]>
            </full-stacktrace>
          </exception> <!-- org.openqa.selenium.SessionNotCreatedException -->
          <reporter-output>
          </reporter-output>
        </test-method> <!-- DemoTest -->
      </class> <!-- tests.DemoTests -->
    </test> <!-- Default test -->
  </suite> <!-- Default suite -->
</testng-results>
