<?xml version="1.0" encoding="UTF-8"?>
<testng-results skipped="0" failed="0" ignored="0" total="1" passed="1">
  <reporter-output>
  </reporter-output>
  <suite name="Default suite" duration-ms="47917" started-at="2021-02-04T21:34:28 CET" finished-at="2021-02-04T21:35:16 CET">
    <groups>
    </groups>
    <test name="Default test" duration-ms="47917" started-at="2021-02-04T21:34:28 CET" finished-at="2021-02-04T21:35:16 CET">
      <class name="tests.DemoTests">
        <test-method status="PASS" signature="DemoTest()[pri:0, instance:tests.DemoTests@51cdd8a]" name="DemoTest" duration-ms="47785" started-at="2021-02-04T21:34:28 CET" finished-at="2021-02-04T21:35:16 CET">
          <reporter-output>
          </reporter-output>
        </test-method> <!-- DemoTest -->
      </class> <!-- tests.DemoTests -->
    </test> <!-- Default test -->
  </suite> <!-- Default suite -->
</testng-results>
